<?xml version="1.0" encoding="UTF-8"?>
<testsuite name="Login into the application" tests="2" skipped="0" failures="1" errors="0" timestamp="2021-01-26T22:54:47" hostname="DESKTOP-CVJV90J" time="36.641">
  <properties/>
  <testcase name="Succesfull login" classname="Login into the application" time="34.377">
    <failure message="java.lang.AssertionError: &#10;Expected: &quot;$17,800&quot;&#10;     but: was &quot;$350%7&quot;" type="java.lang.AssertionError">java.lang.AssertionError: 
Expected: &quot;$17,800&quot;
     but: was &quot;$350%7&quot;
	at net.serenitybdd.screenplay.ErrorTally.throwSummaryExceptionFrom(ErrorTally.java:36)
	at net.serenitybdd.screenplay.ErrorTally.reportAnyErrors(ErrorTally.java:30)
	at net.serenitybdd.screenplay.Actor.should(Actor.java:316)
	at starter.stepdefinitions.LoginStepDefinitions.heShouldHaveAccessToManageHisAccount(LoginStepDefinitions.java:47)
	at ✽.he should have access to manage his account(file:src/test/resources/features/login/login.feature:6)
</failure>
  </testcase>
  <testcase name="Remember things" classname="Login into the application" time="0.05"/>
  <system-out><![CDATA[Feature: Login into the application

  Scenario: Succesfull login                         ?[90m# src/test/resources/features/login/login.feature:3?[0m
17:54:47.414 [Test worker] INFO   - 
 _____ _____ ____ _____   ____ _____  _    ____ _____ _____ ____  
|_   _| ____/ ___|_   _| / ___|_   _|/ \  |  _ \_   _| ____|  _ \ 
  | | |  _| \___ \ | |   \___ \ | | / _ \ | |_) || | |  _| | | | |
  | | | |___ ___) || |    ___) || |/ ___ \|  _ < | | | |___| |_| |
  |_| |_____|____/ |_|   |____/ |_/_/   \_\_| \_\|_| |_____|____/ 

Succesfull login(login-into-the-application;succesfull-login)
-------------------------------------------------------------------
    ?[32mGiven ?[0m?[32m?[0m?[32m?[1mJosimar?[0m?[32m has an active account?[0m              ?[90m# LoginStepDefinitions.josimarHasAnActiveAccount(String)?[0m
17:54:50.135 [Test worker] INFO  n.s.c.w.d.ProvideNewDriver - Instantiating driver
17:54:50.136 [Test worker] INFO  n.s.c.w.d.ProvideNewDriver - Driver capabilities: Capabilities {acceptInsecureCerts: false, browserName: chrome, chrome.switches: --start-maximized;--test-ty..., goog:chromeOptions: {args: [--start-maximized, --test-type, --no-sandbox, --ignore-certificate-errors..., --disable-popup-blocking, --disable-default-apps, --disable-extensions-file-a..., --incognito, --disable-infobars, --disable-gpu], extensions: []}, loggingPrefs: org.openqa.selenium.logging..., platform: ANY, version: }
    ?[32mWhen ?[0m?[32mhe sends their valid credentials?[0m            ?[90m# LoginStepDefinitions.heSendsTheirValidCredentials()?[0m
    ?[31mThen ?[0m?[31mhe should have access to manage his account?[0m ?[90m# LoginStepDefinitions.heShouldHaveAccessToManageHisAccount()?[0m
      ?[31mjava.lang.AssertionError: 
Expected: "$17,800"
     but: was "$350%7"
	at net.serenitybdd.screenplay.ErrorTally.throwSummaryExceptionFrom(ErrorTally.java:36)
	at net.serenitybdd.screenplay.ErrorTally.reportAnyErrors(ErrorTally.java:30)
	at net.serenitybdd.screenplay.Actor.should(Actor.java:316)
	at starter.stepdefinitions.LoginStepDefinitions.heShouldHaveAccessToManageHisAccount(LoginStepDefinitions.java:47)
	at ?.he should have access to manage his account(file:src/test/resources/features/login/login.feature:6)
?[0m

  Scenario: Remember things                   ?[90m# src/test/resources/features/login/login.feature:8?[0m
17:55:23.992 [Test worker] INFO   - 
 _____ _____ ____ _____   ____ _____  _    ____ _____ _____ ____  
|_   _| ____/ ___|_   _| / ___|_   _|/ \  |  _ \_   _| ____|  _ \ 
  | | |  _| \___ \ | |   \___ \ | | / _ \ | |_) || | |  _| | | | |
  | | | |___ ___) || |    ___) || |/ ___ \|  _ < | | | |___| |_| |
  |_| |_____|____/ |_|   |____/ |_/_/   \_\_| \_\|_| |_____|____/ 

Remember things(login-into-the-application;remember-things)
-------------------------------------------------------------------
    ?[32mGiven ?[0m?[32m?[0m?[32m?[1mJosimar?[0m?[32m wants to remember something?[0m ?[90m# CommonStepDefinitions.setActorName(String)?[0m
    ?[32mWhen ?[0m?[32mhe tries to remember ?[0m?[32m?[1mFoo?[0m             ?[90m# StepDefinitions1.he_tries_to_remember_Foo(String)?[0m
    ?[32mThen ?[0m?[32mhe should get Foo?[0m                    ?[90m# StepDefinitions2.he_should_get_Foo()?[0m
]]></system-out>
  <system-err><![CDATA[ene 26, 2021 5:54:49 PM org.openqa.selenium.remote.DesiredCapabilities chrome
INFORMACIÓN: Using `new ChromeOptions()` is preferred to `DesiredCapabilities.chrome()`
Starting ChromeDriver 87.0.4280.88 (89e2380a3e36c3464b5dd1302349b1382549290d-refs/branch-heads/4280@{#1761}) on port 48554
Only local connections are allowed.
Please see https://chromedriver.chromium.org/security-considerations for suggestions on keeping ChromeDriver safe.
ChromeDriver was started successfully.
[1611701698.984][WARNING]: This version of ChromeDriver has not been tested with Chrome version 88.
ene 26, 2021 5:55:02 PM org.openqa.selenium.remote.ProtocolHandshake createSession
INFORMACIÓN: Detected dialect: W3C
]]></system-err>
</testsuite>
