<!DOCTYPE html>
<html>
<head>
<meta http-equiv="Content-Type" content="text/html; charset=utf-8"/>
<meta http-equiv="x-ua-compatible" content="IE=edge"/>
<title>Test results - Class Login into the application</title>
<link href="../css/base-style.css" rel="stylesheet" type="text/css"/>
<link href="../css/style.css" rel="stylesheet" type="text/css"/>
<script src="../js/report.js" type="text/javascript"></script>
</head>
<body>
<div id="content">
<h1>Class Login into the application</h1>
<div class="breadcrumbs">
<a href="../index.html">all</a> &gt; 
<a href="../packages/default-package.html">default-package</a> &gt; Login into the application</div>
<div id="summary">
<table>
<tr>
<td>
<div class="summaryGroup">
<table>
<tr>
<td>
<div class="infoBox" id="tests">
<div class="counter">2</div>
<p>tests</p>
</div>
</td>
<td>
<div class="infoBox" id="failures">
<div class="counter">1</div>
<p>failures</p>
</div>
</td>
<td>
<div class="infoBox" id="ignored">
<div class="counter">0</div>
<p>ignored</p>
</div>
</td>
<td>
<div class="infoBox" id="duration">
<div class="counter">34.427s</div>
<p>duration</p>
</div>
</td>
</tr>
</table>
</div>
</td>
<td>
<div class="infoBox failures" id="successRate">
<div class="percent">50%</div>
<p>successful</p>
</div>
</td>
</tr>
</table>
</div>
<div id="tabs">
<ul class="tabLinks">
<li>
<a href="#tab0">Failed tests</a>
</li>
<li>
<a href="#tab1">Tests</a>
</li>
<li>
<a href="#tab2">Standard output</a>
</li>
<li>
<a href="#tab3">Standard error</a>
</li>
</ul>
<div id="tab0" class="tab">
<h2>Failed tests</h2>
<div class="test">
<a name="Succesfull login"></a>
<h3 class="failures">Succesfull login</h3>
<span class="code">
<pre>java.lang.AssertionError: 
Expected: &quot;$17,800&quot;
     but: was &quot;$350%7&quot;
	at net.serenitybdd.screenplay.ErrorTally.throwSummaryExceptionFrom(ErrorTally.java:36)
	at net.serenitybdd.screenplay.ErrorTally.reportAnyErrors(ErrorTally.java:30)
	at net.serenitybdd.screenplay.Actor.should(Actor.java:316)
	at starter.stepdefinitions.LoginStepDefinitions.heShouldHaveAccessToManageHisAccount(LoginStepDefinitions.java:47)
	at ✽.he should have access to manage his account(file:src/test/resources/features/login/login.feature:6)
</pre>
</span>
</div>
</div>
<div id="tab1" class="tab">
<h2>Tests</h2>
<table>
<thead>
<tr>
<th>Test</th>
<th>Duration</th>
<th>Result</th>
</tr>
</thead>
<tr>
<td class="success">Remember things</td>
<td class="success">0.050s</td>
<td class="success">passed</td>
</tr>
<tr>
<td class="failures">Succesfull login</td>
<td class="failures">34.377s</td>
<td class="failures">failed</td>
</tr>
</table>
</div>
<div id="tab2" class="tab">
<h2>Standard output</h2>
<span class="code">
<pre>Feature: Login into the application

  Scenario: Succesfull login                         ?[90m# src/test/resources/features/login/login.feature:3?[0m
17:54:47.414 [Test worker] INFO   - 
 _____ _____ ____ _____   ____ _____  _    ____ _____ _____ ____  
|_   _| ____/ ___|_   _| / ___|_   _|/ \  |  _ \_   _| ____|  _ \ 
  | | |  _| \___ \ | |   \___ \ | | / _ \ | |_) || | |  _| | | | |
  | | | |___ ___) || |    ___) || |/ ___ \|  _ &lt; | | | |___| |_| |
  |_| |_____|____/ |_|   |____/ |_/_/   \_\_| \_\|_| |_____|____/ 

Succesfull login(login-into-the-application;succesfull-login)
-------------------------------------------------------------------
    ?[32mGiven ?[0m?[32m?[0m?[32m?[1mJosimar?[0m?[32m has an active account?[0m              ?[90m# LoginStepDefinitions.josimarHasAnActiveAccount(String)?[0m
17:54:50.135 [Test worker] INFO  n.s.c.w.d.ProvideNewDriver - Instantiating driver
17:54:50.136 [Test worker] INFO  n.s.c.w.d.ProvideNewDriver - Driver capabilities: Capabilities {acceptInsecureCerts: false, browserName: chrome, chrome.switches: --start-maximized;--test-ty..., goog:chromeOptions: {args: [--start-maximized, --test-type, --no-sandbox, --ignore-certificate-errors..., --disable-popup-blocking, --disable-default-apps, --disable-extensions-file-a..., --incognito, --disable-infobars, --disable-gpu], extensions: []}, loggingPrefs: org.openqa.selenium.logging..., platform: ANY, version: }
    ?[32mWhen ?[0m?[32mhe sends their valid credentials?[0m            ?[90m# LoginStepDefinitions.heSendsTheirValidCredentials()?[0m
    ?[31mThen ?[0m?[31mhe should have access to manage his account?[0m ?[90m# LoginStepDefinitions.heShouldHaveAccessToManageHisAccount()?[0m
      ?[31mjava.lang.AssertionError: 
Expected: &quot;$17,800&quot;
     but: was &quot;$350%7&quot;
	at net.serenitybdd.screenplay.ErrorTally.throwSummaryExceptionFrom(ErrorTally.java:36)
	at net.serenitybdd.screenplay.ErrorTally.reportAnyErrors(ErrorTally.java:30)
	at net.serenitybdd.screenplay.Actor.should(Actor.java:316)
	at starter.stepdefinitions.LoginStepDefinitions.heShouldHaveAccessToManageHisAccount(LoginStepDefinitions.java:47)
	at ?.he should have access to manage his account(file:src/test/resources/features/login/login.feature:6)
?[0m

  Scenario: Remember things                   ?[90m# src/test/resources/features/login/login.feature:8?[0m
17:55:23.992 [Test worker] INFO   - 
 _____ _____ ____ _____   ____ _____  _    ____ _____ _____ ____  
|_   _| ____/ ___|_   _| / ___|_   _|/ \  |  _ \_   _| ____|  _ \ 
  | | |  _| \___ \ | |   \___ \ | | / _ \ | |_) || | |  _| | | | |
  | | | |___ ___) || |    ___) || |/ ___ \|  _ &lt; | | | |___| |_| |
  |_| |_____|____/ |_|   |____/ |_/_/   \_\_| \_\|_| |_____|____/ 

Remember things(login-into-the-application;remember-things)
-------------------------------------------------------------------
    ?[32mGiven ?[0m?[32m?[0m?[32m?[1mJosimar?[0m?[32m wants to remember something?[0m ?[90m# CommonStepDefinitions.setActorName(String)?[0m
    ?[32mWhen ?[0m?[32mhe tries to remember ?[0m?[32m?[1mFoo?[0m             ?[90m# StepDefinitions1.he_tries_to_remember_Foo(String)?[0m
    ?[32mThen ?[0m?[32mhe should get Foo?[0m                    ?[90m# StepDefinitions2.he_should_get_Foo()?[0m
</pre>
</span>
</div>
<div id="tab3" class="tab">
<h2>Standard error</h2>
<span class="code">
<pre>ene 26, 2021 5:54:49 PM org.openqa.selenium.remote.DesiredCapabilities chrome
INFORMACIÓN: Using `new ChromeOptions()` is preferred to `DesiredCapabilities.chrome()`
Starting ChromeDriver 87.0.4280.88 (89e2380a3e36c3464b5dd1302349b1382549290d-refs/branch-heads/4280@{#1761}) on port 48554
Only local connections are allowed.
Please see https://chromedriver.chromium.org/security-considerations for suggestions on keeping ChromeDriver safe.
ChromeDriver was started successfully.
[1611701698.984][WARNING]: This version of ChromeDriver has not been tested with Chrome version 88.
ene 26, 2021 5:55:02 PM org.openqa.selenium.remote.ProtocolHandshake createSession
INFORMACIÓN: Detected dialect: W3C
</pre>
</span>
</div>
</div>
<div id="footer">
<p>
<div>
<label class="hidden" id="label-for-line-wrapping-toggle" for="line-wrapping-toggle">Wrap lines
<input id="line-wrapping-toggle" type="checkbox" autocomplete="off"/>
</label>
</div>Generated by 
<a href="http://www.gradle.org">Gradle 6.8.1</a> at 26/01/2021 05:55:30 PM</p>
</div>
</div>
</body>
</html>
